{
  "0 debug pnpm:scope": {
    "selected": 1
  },
  "1 info pnpm": {
    "err": {
      "name": "Error",
      "message": "not found: expresss",
      "code": "ENOENT",
      "stack": "Error: not found: expresss\n    at getNotFoundError (/Users/joaquinleimeter/pnpm-global/5/node_modules/.pnpm/pnpm@7.1.2/node_modules/pnpm/dist/pnpm.cjs:41677:51)\n    at Function.whichSync [as sync] (/Users/joaquinleimeter/pnpm-global/5/node_modules/.pnpm/pnpm@7.1.2/node_modules/pnpm/dist/pnpm.cjs:41754:13)\n    at getCommandAbsolutePathSync (/Users/joaquinleimeter/pnpm-global/5/node_modules/.pnpm/pnpm@7.1.2/node_modules/pnpm/dist/pnpm.cjs:43319:44)\n    at default_1 (/Users/joaquinleimeter/pnpm-global/5/node_modules/.pnpm/pnpm@7.1.2/node_modules/pnpm/dist/pnpm.cjs:43328:32)\n    at /Users/joaquinleimeter/pnpm-global/5/node_modules/.pnpm/pnpm@7.1.2/node_modules/pnpm/dist/pnpm.cjs:172151:39"
    }
  },
  "2 error pnpm": {
    "code": "ERR_PNPM_RECURSIVE_EXEC_FIRST_FAIL",
    "prefix": "/Users/juanvaldano/Projects/officegames/officegames-BE",
    "err": {
      "name": "pnpm",
      "message": "not found: expresss",
      "code": "ERR_PNPM_RECURSIVE_EXEC_FIRST_FAIL",
      "stack": "Error: not found: expresss\n    at getNotFoundError (/Users/joaquinleimeter/pnpm-global/5/node_modules/.pnpm/pnpm@7.1.2/node_modules/pnpm/dist/pnpm.cjs:41677:51)\n    at Function.whichSync [as sync] (/Users/joaquinleimeter/pnpm-global/5/node_modules/.pnpm/pnpm@7.1.2/node_modules/pnpm/dist/pnpm.cjs:41754:13)\n    at getCommandAbsolutePathSync (/Users/joaquinleimeter/pnpm-global/5/node_modules/.pnpm/pnpm@7.1.2/node_modules/pnpm/dist/pnpm.cjs:43319:44)\n    at default_1 (/Users/joaquinleimeter/pnpm-global/5/node_modules/.pnpm/pnpm@7.1.2/node_modules/pnpm/dist/pnpm.cjs:43328:32)\n    at /Users/joaquinleimeter/pnpm-global/5/node_modules/.pnpm/pnpm@7.1.2/node_modules/pnpm/dist/pnpm.cjs:172151:39"
    }
  }
}